Using pre-set license
Built from '2020.3/staging' branch; Version is '2020.3.11f1 (99c7afb366b3) revision 10078127'; Using compiler version '192528614'; Build Type 'Release'
OS: 'Windows 10 Pro; OS build 19042.1110; Version 2009; 64bit' Language: 'en' Physical Memory: 16216 MB
BatchMode: 1, IsHumanControllingUs: 0, StartBugReporterOnCrash: 0, Is64bit: 1, IsPro: 0

 COMMAND LINE ARGUMENTS:
C:\Program Files\Unity\Hub\Editor\2020.3.11f1\Editor\Unity.exe
-adb2
-batchMode
-noUpm
-name
AssetImportWorker0
-projectPath
C:/Users/tea.dogandzic/Desktop/Backup kompa/Repos/Unity3D/Crossy_Road/Crossy Road
-logFile
Logs/AssetImportWorker0.log
-srvPort
59570
Successfully changed project path to: C:/Users/tea.dogandzic/Desktop/Backup kompa/Repos/Unity3D/Crossy_Road/Crossy Road
C:/Users/tea.dogandzic/Desktop/Backup kompa/Repos/Unity3D/Crossy_Road/Crossy Road
Using Asset Import Pipeline V2.
Refreshing native plugins compatible for Editor in 95.27 ms, found 2 plugins.
Preloading 0 native plugins for Editor in 0.00 ms.
Initialize engine version: 2020.3.11f1 (99c7afb366b3)
[Subsystems] Discovering subsystems at path C:/Program Files/Unity/Hub/Editor/2020.3.11f1/Editor/Data/Resources/UnitySubsystems
[Subsystems] Discovering subsystems at path C:/Users/tea.dogandzic/Desktop/Backup kompa/Repos/Unity3D/Crossy_Road/Crossy Road/Assets
GfxDevice: creating device client; threaded=0
Direct3D:
    Version:  Direct3D 11.0 [level 11.1]
    Renderer: Intel(R) UHD Graphics 620 (ID=0x5917)
    Vendor:   
    VRAM:     8108 MB
    Driver:   27.20.100.8681
Initialize mono
Mono path[0] = 'C:/Program Files/Unity/Hub/Editor/2020.3.11f1/Editor/Data/Managed'
Mono path[1] = 'C:/Program Files/Unity/Hub/Editor/2020.3.11f1/Editor/Data/MonoBleedingEdge/lib/mono/unityjit'
Mono config path = 'C:/Program Files/Unity/Hub/Editor/2020.3.11f1/Editor/Data/MonoBleedingEdge/etc'
Using monoOptions --debugger-agent=transport=dt_socket,embedding=1,server=y,suspend=n,address=127.0.0.1:56080
Begin MonoManager ReloadAssembly
Registering precompiled unity dll's ...
Register platform support module: C:/Program Files/Unity/Hub/Editor/2020.3.11f1/Editor/Data/PlaybackEngines/WebGLSupport/UnityEditor.WebGL.Extensions.dll
Register platform support module: C:/Program Files/Unity/Hub/Editor/2020.3.11f1/Editor/Data/PlaybackEngines/WindowsStandaloneSupport/UnityEditor.WindowsStandalone.Extensions.dll
Registered in 0.004717 seconds.
Native extension for WindowsStandalone target not found
Native extension for WebGL target not found
Refreshing native plugins compatible for Editor in 64.19 ms, found 2 plugins.
Preloading 0 native plugins for Editor in 0.00 ms.
Mono: successfully reloaded assembly
- Completed reload, in  3.345 seconds
Platform modules already initialized, skipping
Registering precompiled user dll's ...
Registered in 0.010568 seconds.
Begin MonoManager ReloadAssembly
Native extension for WindowsStandalone target not found
Native extension for WebGL target not found
Refreshing native plugins compatible for Editor in 1.12 ms, found 2 plugins.
Preloading 0 native plugins for Editor in 0.00 ms.
Mono: successfully reloaded assembly
- Completed reload, in  1.966 seconds
Platform modules already initialized, skipping
========================================================================
Worker process is ready to serve import requests
Launched and connected shader compiler UnityShaderCompiler.exe after 0.10 seconds
Refreshing native plugins compatible for Editor in 1.54 ms, found 2 plugins.
Preloading 0 native plugins for Editor in 0.00 ms.
Unloading 1968 Unused Serialized files (Serialized files now loaded: 0)
System memory in use before: 83.6 MB.
System memory in use after: 83.7 MB.

Unloading 59 unused Assets to reduce memory usage. Loaded Objects now: 2377.
Total: 13.661100 ms (FindLiveObjects: 0.446000 ms CreateObjectMapping: 0.233000 ms MarkObjects: 12.818400 ms  DeleteObjects: 0.162300 ms)

========================================================================
Received Import Request.
  path: Assets/New Folder
  artifactKey: Guid(e53873eccae3f9e4daf6f811b52bb589) Importer(815301076,1909f56bfc062723c751e8b465ee728b)
Start importing Assets/New Folder using Guid(e53873eccae3f9e4daf6f811b52bb589) Importer(815301076,1909f56bfc062723c751e8b465ee728b)  -> (artifact id: '85c9ed258bc010cf15d5490c7c570177') in 0.011864 seconds
  Import took 0.019057 seconds .

========================================================================
Received Import Request.
  Time since last request: 3.426782 seconds.
  path: Assets/Music
  artifactKey: Guid(fa5996cba676d88458e595426aa4765d) Importer(815301076,1909f56bfc062723c751e8b465ee728b)
Start importing Assets/Music using Guid(fa5996cba676d88458e595426aa4765d) Importer(815301076,1909f56bfc062723c751e8b465ee728b)  -> (artifact id: '70e34d33513fa7994c1d4ae2caf2f5df') in 0.004613 seconds
  Import took 0.011628 seconds .

========================================================================
Received Import Request.
  Time since last request: 0.886067 seconds.
  path: Assets/Music/Aura_Glyph_1.wav
  artifactKey: Guid(5628b2d5e74ab4cc79e1ab991dd47d70) Importer(815301076,1909f56bfc062723c751e8b465ee728b)
Start importing Assets/Music/Aura_Glyph_1.wav using Guid(5628b2d5e74ab4cc79e1ab991dd47d70) Importer(815301076,1909f56bfc062723c751e8b465ee728b)  -> (artifact id: 'ac13df2922fc78c7f11afc205b17855b') in 0.219438 seconds
  Import took 0.225319 seconds .

========================================================================
Received Import Request.
  Time since last request: 0.000413 seconds.
  path: Assets/Music/powerUp2.ogg
  artifactKey: Guid(b441a0083fc9caf48bfd4532bbcc8c95) Importer(815301076,1909f56bfc062723c751e8b465ee728b)
Start importing Assets/Music/powerUp2.ogg using Guid(b441a0083fc9caf48bfd4532bbcc8c95) Importer(815301076,1909f56bfc062723c751e8b465ee728b)  -> (artifact id: '9c7f66004179bdcad1dae8f1360a9d55') in 0.021251 seconds
  Import took 0.028842 seconds .

========================================================================
Received Import Request.
  Time since last request: 0.000697 seconds.
  path: Assets/Music/car+horn+x.wav
  artifactKey: Guid(a6ead9db21feed74494251a11e21f348) Importer(815301076,1909f56bfc062723c751e8b465ee728b)
Start importing Assets/Music/car+horn+x.wav using Guid(a6ead9db21feed74494251a11e21f348) Importer(815301076,1909f56bfc062723c751e8b465ee728b)  -> (artifact id: 'a8b208011a4b2d0f093bd2e54f73ab1f') in 0.022586 seconds
  Import took 0.030965 seconds .

========================================================================
Received Import Request.
  Time since last request: 0.000836 seconds.
  path: Assets/Music/Mars.wav
  artifactKey: Guid(8180e4089b255b74499106cd0b1fb646) Importer(815301076,1909f56bfc062723c751e8b465ee728b)
Start importing Assets/Music/Mars.wav using Guid(8180e4089b255b74499106cd0b1fb646) Importer(815301076,1909f56bfc062723c751e8b465ee728b)  -> (artifact id: '9ccdcb7f2bdd5e46a5c8c0dad45db041') in 0.024971 seconds
  Import took 0.031217 seconds .

========================================================================
Received Import Request.
  Time since last request: 0.000756 seconds.
  path: Assets/Music/Win Jingle.wav
  artifactKey: Guid(444350d568ff0a5418355ab1a3458fd4) Importer(815301076,1909f56bfc062723c751e8b465ee728b)
Start importing Assets/Music/Win Jingle.wav using Guid(444350d568ff0a5418355ab1a3458fd4) Importer(815301076,1909f56bfc062723c751e8b465ee728b)  -> (artifact id: 'e939ac725280b527150428680d21849c') in 0.025161 seconds
  Import took 0.034352 seconds .

========================================================================
Received Import Request.
  Time since last request: 0.000437 seconds.
  path: Assets/Music/Spring Birds Chirping Sound Effect [FREE DOWNLOAD].mp3
  artifactKey: Guid(2e83309f7836162469f43ae685122f97) Importer(815301076,1909f56bfc062723c751e8b465ee728b)
Start importing Assets/Music/Spring Birds Chirping Sound Effect [FREE DOWNLOAD].mp3 using Guid(2e83309f7836162469f43ae685122f97) Importer(815301076,1909f56bfc062723c751e8b465ee728b)  -> (artifact id: '9fba59489ccfadecd02d47fe88ce1845') in 0.040091 seconds
  Import took 0.045964 seconds .

========================================================================
Received Import Request.
  Time since last request: 0.000387 seconds.
  path: Assets/Music/car+driveby2.wav
  artifactKey: Guid(6828f88c3f2a897479562d57e1819235) Importer(815301076,1909f56bfc062723c751e8b465ee728b)
Start importing Assets/Music/car+driveby2.wav using Guid(6828f88c3f2a897479562d57e1819235) Importer(815301076,1909f56bfc062723c751e8b465ee728b)  -> (artifact id: 'a25a636663467e96896eae32cc5a7931') in 0.020032 seconds
  Import took 0.027492 seconds .

========================================================================
Received Import Request.
  Time since last request: 0.000343 seconds.
  path: Assets/Music/Death Effect.ogg
  artifactKey: Guid(bd95e369be279cf4396d805d398e7cbe) Importer(815301076,1909f56bfc062723c751e8b465ee728b)
Start importing Assets/Music/Death Effect.ogg using Guid(bd95e369be279cf4396d805d398e7cbe) Importer(815301076,1909f56bfc062723c751e8b465ee728b)  -> (artifact id: '54ccc5f1ceb4c21018b9023b6da41036') in 0.018066 seconds
  Import took 0.028576 seconds .

========================================================================
Received Import Request.
  Time since last request: 0.000454 seconds.
  path: Assets/Music/Aura_Spawn_3.wav
  artifactKey: Guid(28098280ac1914e709f5b480841a6976) Importer(815301076,1909f56bfc062723c751e8b465ee728b)
Start importing Assets/Music/Aura_Spawn_3.wav using Guid(28098280ac1914e709f5b480841a6976) Importer(815301076,1909f56bfc062723c751e8b465ee728b)  -> (artifact id: '04be32cafd9bafc14816108cbffea0ee') in 0.020635 seconds
  Import took 0.028092 seconds .

========================================================================
Received Import Request.
  Time since last request: 6.034964 seconds.
  path: Assets/Audio
  artifactKey: Guid(fa5996cba676d88458e595426aa4765d) Importer(815301076,1909f56bfc062723c751e8b465ee728b)
Start importing Assets/Audio using Guid(fa5996cba676d88458e595426aa4765d) Importer(815301076,1909f56bfc062723c751e8b465ee728b)  -> (artifact id: '87536cbce1a22cf4275f23fdcf317b8a') in 0.004778 seconds
  Import took 0.010047 seconds .

========================================================================
Received Import Request.
  Time since last request: 35.405193 seconds.
  path: Assets/BrokenVector
  artifactKey: Guid(f7827964a32ae024cad1ef0b9b4ae805) Importer(815301076,1909f56bfc062723c751e8b465ee728b)
Start importing Assets/BrokenVector using Guid(f7827964a32ae024cad1ef0b9b4ae805) Importer(815301076,1909f56bfc062723c751e8b465ee728b)  -> (artifact id: 'f6ad04116a8a3742fbac8db9ec8be970') in 0.005209 seconds
  Import took 0.011689 seconds .

========================================================================
Received Import Request.
  Time since last request: 3.798309 seconds.
  path: Assets/Animations
  artifactKey: Guid(bbed94f5c5d9d2046980e10240dc0e28) Importer(815301076,1909f56bfc062723c751e8b465ee728b)
Start importing Assets/Animations using Guid(bbed94f5c5d9d2046980e10240dc0e28) Importer(815301076,1909f56bfc062723c751e8b465ee728b)  -> (artifact id: '29c31c2f4e2df8f609f64eb949b04c4d') in 0.006944 seconds
  Import took 0.012076 seconds .

========================================================================
Received Import Request.
  Time since last request: 9.146058 seconds.
  path: Assets/Resources
  artifactKey: Guid(3b6087f6fc05e604493ae6273ac54c96) Importer(815301076,1909f56bfc062723c751e8b465ee728b)
Start importing Assets/Resources using Guid(3b6087f6fc05e604493ae6273ac54c96) Importer(815301076,1909f56bfc062723c751e8b465ee728b)  -> (artifact id: '837a1a7548e55ce700a31061e8019025') in 0.005564 seconds
  Import took 0.010263 seconds .

========================================================================
Received Import Request.
  Time since last request: 4.061755 seconds.
  path: Assets/Scenes
  artifactKey: Guid(90d2d8938ce81ae49bc6cb2feaea8dc2) Importer(815301076,1909f56bfc062723c751e8b465ee728b)
Start importing Assets/Scenes using Guid(90d2d8938ce81ae49bc6cb2feaea8dc2) Importer(815301076,1909f56bfc062723c751e8b465ee728b)  -> (artifact id: 'eeea39cdd918eba56a4e82cf0340fa4b') in 0.006894 seconds
  Import took 0.013342 seconds .

========================================================================
Received Import Request.
  Time since last request: 5.570984 seconds.
  path: Assets/Sprites
  artifactKey: Guid(b7cb266af05e0d943aa7343e39203505) Importer(815301076,1909f56bfc062723c751e8b465ee728b)
Start importing Assets/Sprites using Guid(b7cb266af05e0d943aa7343e39203505) Importer(815301076,1909f56bfc062723c751e8b465ee728b)  -> (artifact id: 'c730f752c2a43974d63978e657a2c1a7') in 0.007243 seconds
  Import took 0.012155 seconds .

========================================================================
Received Import Request.
  Time since last request: 0.061743 seconds.
  path: Assets/Sprites/city-street-flat-illustration-cityscape-with-no-people-urban-highway-with-skyscrapers-parks-cartoon-background-town-buildings-roads-intersection-with-crosswalk-traffic-lights-backdrop_151150-658.jpg
  artifactKey: Guid(c7c5103311d76534caaa074b5b3437b8) Importer(815301076,1909f56bfc062723c751e8b465ee728b)
Start importing Assets/Sprites/city-street-flat-illustration-cityscape-with-no-people-urban-highway-with-skyscrapers-parks-cartoon-background-town-buildings-roads-intersection-with-crosswalk-traffic-lights-backdrop_151150-658.jpg using Guid(c7c5103311d76534caaa074b5b3437b8) Importer(815301076,1909f56bfc062723c751e8b465ee728b)  -> (artifact id: '3935f5f3345b6f5a94b1429dff7390ae') in 0.094750 seconds
  Import took 0.101100 seconds .

========================================================================
Received Import Request.
  Time since last request: 11.309465 seconds.
  path: Assets/Sprites/menu-background.jpg
  artifactKey: Guid(c7c5103311d76534caaa074b5b3437b8) Importer(815301076,1909f56bfc062723c751e8b465ee728b)
Start importing Assets/Sprites/menu-background.jpg using Guid(c7c5103311d76534caaa074b5b3437b8) Importer(815301076,1909f56bfc062723c751e8b465ee728b)  -> (artifact id: '829c4ecd914b95d40a594aec6d8f0bb1') in 0.028622 seconds
  Import took 0.035236 seconds .

========================================================================
Received Import Request.
  Time since last request: 5.373320 seconds.
  path: Assets/Scenes/MainMenu.unity
  artifactKey: Guid(3a00069a48fd2a246954a8e40bee8035) Importer(815301076,1909f56bfc062723c751e8b465ee728b)
Start importing Assets/Scenes/MainMenu.unity using Guid(3a00069a48fd2a246954a8e40bee8035) Importer(815301076,1909f56bfc062723c751e8b465ee728b)  -> (artifact id: 'c1f5ed377cbf0897defba313e167b223') in 0.006252 seconds
  Import took 0.011183 seconds .

========================================================================
Received Import Request.
  Time since last request: 0.001123 seconds.
  path: Assets/Scenes/MainMenu.unity
  artifactKey: Guid(3a00069a48fd2a246954a8e40bee8035) Importer(815301076,1909f56bfc062723c751e8b465ee728b)
Start importing Assets/Scenes/MainMenu.unity using Guid(3a00069a48fd2a246954a8e40bee8035) Importer(815301076,1909f56bfc062723c751e8b465ee728b)  -> (artifact id: 'c1f5ed377cbf0897defba313e167b223') in 0.003967 seconds
  Import took 0.010654 seconds .

========================================================================
Received Prepare
Registering precompiled user dll's ...
Registered in 0.011330 seconds.
Begin MonoManager ReloadAssembly
Native extension for WindowsStandalone target not found
Native extension for WebGL target not found
Refreshing native plugins compatible for Editor in 1.71 ms, found 2 plugins.
Preloading 0 native plugins for Editor in 0.00 ms.
Mono: successfully reloaded assembly
- Completed reload, in  1.586 seconds
Platform modules already initialized, skipping
Refreshing native plugins compatible for Editor in 1.68 ms, found 2 plugins.
Preloading 0 native plugins for Editor in 0.00 ms.
Unloading 1949 Unused Serialized files (Serialized files now loaded: 0)
System memory in use before: 85.2 MB.
System memory in use after: 85.3 MB.

Unloading 50 unused Assets to reduce memory usage. Loaded Objects now: 2392.
Total: 8.188800 ms (FindLiveObjects: 0.374000 ms CreateObjectMapping: 0.183800 ms MarkObjects: 7.574700 ms  DeleteObjects: 0.055200 ms)

AssetImportWorkerClient::OnTransportError - code=2 error=End of file
